<?xml version="1.0" encoding="UTF-8"?>
<!-- Generated by org.testng.reporters.JUnitXMLReporter -->
<testsuite ignored="0" hostname="DESKTOP-QDPNMFL" failures="1" tests="1" name="Test" time="7.055" errors="0" timestamp="2021-07-24T19:50:50 IST">
  <testcase classname="tests.login_test" name="Login" time="7.047">
    <failure type="org.openqa.selenium.WebDriverException" message="An unknown server-side error occurred while processing the command. Original error: Could not proxy command to the remote server. Original error: socket hang up
Build info: version: &amp;apos;3.141.59&amp;apos;, revision: &amp;apos;e82be7d358&amp;apos;, time: &amp;apos;2018-11-14T08:17:03&amp;apos;
System info: host: &amp;apos;DESKTOP-QDPNMFL&amp;apos;, ip: &amp;apos;192.168.99.1&amp;apos;, os.name: &amp;apos;Windows 10&amp;apos;, os.arch: &amp;apos;amd64&amp;apos;, os.version: &amp;apos;10.0&amp;apos;, java.version: &amp;apos;16.0.1&amp;apos;
Driver info: io.appium.java_client.AppiumDriver
Capabilities {appActivity: com.gobillion.android.comme..., appPackage: com.gobillion.android.comme..., databaseEnabled: false, desired: {appActivity: com.gobillion.android.comme..., appPackage: com.gobillion.android.comme..., deviceName: ASUS_X00TD, fullReset: false, newCommandTimeout: 70, noReset: true, platformName: android, platformVersion: 9, udid: J9AAGF00Z133AVP}, deviceApiLevel: 28, deviceManufacturer: asus, deviceModel: ASUS_X00TD, deviceName: J9AAGF00Z133AVP, deviceScreenDensity: 480, deviceScreenSize: 1080x2160, deviceUDID: J9AAGF00Z133AVP, fullReset: false, javascriptEnabled: true, locationContextEnabled: false, networkConnectionEnabled: true, newCommandTimeout: 70, noReset: true, pixelRatio: 3, platform: LINUX, platformName: Android, platformVersion: 9, statBarHeight: 81, takesScreenshot: true, udid: J9AAGF00Z133AVP, viewportRect: {height: 1947, left: 0, top: 81, width: 1080}, warnings: {}, webStorageEnabled: false}
Session ID: 3cbf2259-d175-46a9-a42a-3635fcec5212">
      <![CDATA[org.openqa.selenium.WebDriverException: An unknown server-side error occurred while processing the command. Original error: Could not proxy command to the remote server. Original error: socket hang up
Build info: version: '3.141.59', revision: 'e82be7d358', time: '2018-11-14T08:17:03'
System info: host: 'DESKTOP-QDPNMFL', ip: '192.168.99.1', os.name: 'Windows 10', os.arch: 'amd64', os.version: '10.0', java.version: '16.0.1'
Driver info: io.appium.java_client.AppiumDriver
Capabilities {appActivity: com.gobillion.android.comme..., appPackage: com.gobillion.android.comme..., databaseEnabled: false, desired: {appActivity: com.gobillion.android.comme..., appPackage: com.gobillion.android.comme..., deviceName: ASUS_X00TD, fullReset: false, newCommandTimeout: 70, noReset: true, platformName: android, platformVersion: 9, udid: J9AAGF00Z133AVP}, deviceApiLevel: 28, deviceManufacturer: asus, deviceModel: ASUS_X00TD, deviceName: J9AAGF00Z133AVP, deviceScreenDensity: 480, deviceScreenSize: 1080x2160, deviceUDID: J9AAGF00Z133AVP, fullReset: false, javascriptEnabled: true, locationContextEnabled: false, networkConnectionEnabled: true, newCommandTimeout: 70, noReset: true, pixelRatio: 3, platform: LINUX, platformName: Android, platformVersion: 9, statBarHeight: 81, takesScreenshot: true, udid: J9AAGF00Z133AVP, viewportRect: {height: 1947, left: 0, top: 81, width: 1080}, warnings: {}, webStorageEnabled: false}
Session ID: 3cbf2259-d175-46a9-a42a-3635fcec5212
at org.openqa.selenium.remote.http.W3CHttpResponseCodec.createException(W3CHttpResponseCodec.java:187)
at org.openqa.selenium.remote.http.W3CHttpResponseCodec.decode(W3CHttpResponseCodec.java:122)
at org.openqa.selenium.remote.http.W3CHttpResponseCodec.decode(W3CHttpResponseCodec.java:49)
at org.openqa.selenium.remote.HttpCommandExecutor.execute(HttpCommandExecutor.java:158)
at io.appium.java_client.remote.AppiumCommandExecutor.execute(AppiumCommandExecutor.java:239)
at org.openqa.selenium.remote.RemoteWebDriver.execute(RemoteWebDriver.java:552)
at io.appium.java_client.DefaultGenericMobileDriver.execute(DefaultGenericMobileDriver.java:41)
at io.appium.java_client.AppiumDriver.execute(AppiumDriver.java:1)
at org.openqa.selenium.remote.RemoteWebElement.execute(RemoteWebElement.java:285)
at io.appium.java_client.DefaultGenericMobileElement.execute(DefaultGenericMobileElement.java:45)
at io.appium.java_client.MobileElement.execute(MobileElement.java:1)
at io.appium.java_client.android.AndroidElement.execute(AndroidElement.java:1)
at org.openqa.selenium.remote.RemoteWebElement.click(RemoteWebElement.java:84)
at tests.login_test.Login(login_test.java:19)
at java.base/java.util.ArrayList.forEach(ArrayList.java:1511)
at tests.Superclass.main(Superclass.java:59)
... Removed 29 stack frames]]>
    </failure>
  </testcase> <!-- Login -->
</testsuite> <!-- Test -->
