<?xml version="1.0" encoding="UTF-8"?>
<!-- Generated by org.testng.reporters.JUnitXMLReporter -->
<testsuite ignored="0" hostname="DESKTOP-QDPNMFL" failures="1" tests="1" name="Test" time="0.147" errors="0" timestamp="2021-07-24T19:49:50 IST">
  <testcase classname="tests.logout" name="Logout" time="0.033">
    <failure type="java.lang.NullPointerException" message="Cannot invoke &amp;quot;io.appium.java_client.AppiumDriver.findElement(org.openqa.selenium.By)&amp;quot; because &amp;quot;tests.logout.driver&amp;quot; is null">
      <![CDATA[java.lang.NullPointerException: Cannot invoke "io.appium.java_client.AppiumDriver.findElement(org.openqa.selenium.By)" because "tests.logout.driver" is null
at tests.logout.Logout(logout.java:19)
at java.base/java.util.ArrayList.forEach(ArrayList.java:1511)
at tests.Superclass.main(Superclass.java:59)
... Removed 24 stack frames]]>
    </failure>
  </testcase> <!-- Logout -->
</testsuite> <!-- Test -->
