<?xml version="1.0" encoding="UTF-8"?>
<testng-results ignored="0" total="1" passed="0" failed="1" skipped="0">
  <reporter-output>
  </reporter-output>
  <suite started-at="2021-07-14T19:13:28 IST" name="Default suite" finished-at="2021-07-14T19:13:56 IST" duration-ms="27611">
    <groups>
    </groups>
    <test started-at="2021-07-14T19:13:28 IST" name="Default test" finished-at="2021-07-14T19:13:56 IST" duration-ms="27611">
      <class name="tests.Automation">
        <test-method is-config="true" signature="setup()[pri:0, instance:tests.Automation@120f102b]" started-at="2021-07-14T19:12:57 IST" name="setup" finished-at="2021-07-14T19:13:28 IST" duration-ms="31010" status="PASS">
          <reporter-output>
          </reporter-output>
        </test-method> <!-- setup -->
        <test-method signature="productDetailsPage()[pri:0, instance:tests.Automation@120f102b]" started-at="2021-07-14T19:13:28 IST" name="productDetailsPage" finished-at="2021-07-14T19:13:56 IST" duration-ms="27486" status="FAIL">
          <exception class="org.openqa.selenium.UnsupportedCommandException">
            <message>
              <![CDATA[The requested resource could not be found, or a request was received using an HTTP method that is not supported by the mapped resource
Build info: version: '3.141.59', revision: 'e82be7d358', time: '2018-11-14T08:17:03'
System info: host: 'DESKTOP-QDPNMFL', ip: '192.168.99.1', os.name: 'Windows 10', os.arch: 'amd64', os.version: '10.0', java.version: '16.0.1'
Driver info: io.appium.java_client.AppiumDriver
Capabilities {appActivity: com.gobillion.android.comme..., appPackage: com.gobillion.android.comme..., databaseEnabled: false, desired: {appActivity: com.gobillion.android.comme..., appPackage: com.gobillion.android.comme..., deviceName: ASUS_X00TD, fullReset: false, newCommandTimeout: 70, noReset: true, platformName: android, platformVersion: 9, udid: J9AAGF00Z133AVP}, deviceApiLevel: 28, deviceManufacturer: asus, deviceModel: ASUS_X00TD, deviceName: J9AAGF00Z133AVP, deviceScreenDensity: 480, deviceScreenSize: 1080x2160, deviceUDID: J9AAGF00Z133AVP, fullReset: false, javascriptEnabled: true, locationContextEnabled: false, networkConnectionEnabled: true, newCommandTimeout: 70, noReset: true, pixelRatio: 3, platform: LINUX, platformName: Android, platformVersion: 9, statBarHeight: 81, takesScreenshot: true, udid: J9AAGF00Z133AVP, viewportRect: {height: 1947, left: 0, top: 81, width: 1080}, warnings: {}, webStorageEnabled: false}
Session ID: c73d28b5-3031-48f4-b425-7c2d61b8a3c7]]>
            </message>
            <full-stacktrace>
              <![CDATA[org.openqa.selenium.UnsupportedCommandException: The requested resource could not be found, or a request was received using an HTTP method that is not supported by the mapped resource
Build info: version: '3.141.59', revision: 'e82be7d358', time: '2018-11-14T08:17:03'
System info: host: 'DESKTOP-QDPNMFL', ip: '192.168.99.1', os.name: 'Windows 10', os.arch: 'amd64', os.version: '10.0', java.version: '16.0.1'
Driver info: io.appium.java_client.AppiumDriver
Capabilities {appActivity: com.gobillion.android.comme..., appPackage: com.gobillion.android.comme..., databaseEnabled: false, desired: {appActivity: com.gobillion.android.comme..., appPackage: com.gobillion.android.comme..., deviceName: ASUS_X00TD, fullReset: false, newCommandTimeout: 70, noReset: true, platformName: android, platformVersion: 9, udid: J9AAGF00Z133AVP}, deviceApiLevel: 28, deviceManufacturer: asus, deviceModel: ASUS_X00TD, deviceName: J9AAGF00Z133AVP, deviceScreenDensity: 480, deviceScreenSize: 1080x2160, deviceUDID: J9AAGF00Z133AVP, fullReset: false, javascriptEnabled: true, locationContextEnabled: false, networkConnectionEnabled: true, newCommandTimeout: 70, noReset: true, pixelRatio: 3, platform: LINUX, platformName: Android, platformVersion: 9, statBarHeight: 81, takesScreenshot: true, udid: J9AAGF00Z133AVP, viewportRect: {height: 1947, left: 0, top: 81, width: 1080}, warnings: {}, webStorageEnabled: false}
Session ID: c73d28b5-3031-48f4-b425-7c2d61b8a3c7
at java.base/jdk.internal.reflect.NativeConstructorAccessorImpl.newInstance0(Native Method)
at java.base/jdk.internal.reflect.NativeConstructorAccessorImpl.newInstance(NativeConstructorAccessorImpl.java:78)
at java.base/jdk.internal.reflect.DelegatingConstructorAccessorImpl.newInstance(DelegatingConstructorAccessorImpl.java:45)
at java.base/java.lang.reflect.Constructor.newInstanceWithCaller(Constructor.java:499)
at java.base/java.lang.reflect.Constructor.newInstance(Constructor.java:480)
at org.openqa.selenium.remote.http.W3CHttpResponseCodec.createException(W3CHttpResponseCodec.java:187)
at org.openqa.selenium.remote.http.W3CHttpResponseCodec.decode(W3CHttpResponseCodec.java:122)
at org.openqa.selenium.remote.http.W3CHttpResponseCodec.decode(W3CHttpResponseCodec.java:49)
at org.openqa.selenium.remote.HttpCommandExecutor.execute(HttpCommandExecutor.java:158)
at io.appium.java_client.remote.AppiumCommandExecutor.execute(AppiumCommandExecutor.java:239)
at org.openqa.selenium.remote.RemoteWebDriver.execute(RemoteWebDriver.java:552)
at io.appium.java_client.DefaultGenericMobileDriver.execute(DefaultGenericMobileDriver.java:45)
at io.appium.java_client.AppiumDriver.execute(AppiumDriver.java:1)
at org.openqa.selenium.remote.RemoteWebDriver.close(RemoteWebDriver.java:442)
at tests.Automation.productDetailsPage(Automation.java:185)
at java.base/jdk.internal.reflect.NativeMethodAccessorImpl.invoke0(Native Method)
at java.base/jdk.internal.reflect.NativeMethodAccessorImpl.invoke(NativeMethodAccessorImpl.java:78)
at java.base/jdk.internal.reflect.DelegatingMethodAccessorImpl.invoke(DelegatingMethodAccessorImpl.java:43)
at java.base/java.lang.reflect.Method.invoke(Method.java:567)
at org.testng.internal.MethodInvocationHelper.invokeMethod(MethodInvocationHelper.java:132)
at org.testng.internal.TestInvoker.invokeMethod(TestInvoker.java:599)
at org.testng.internal.TestInvoker.invokeTestMethod(TestInvoker.java:174)
at org.testng.internal.MethodRunner.runInSequence(MethodRunner.java:46)
at org.testng.internal.TestInvoker$MethodInvocationAgent.invoke(TestInvoker.java:822)
at org.testng.internal.TestInvoker.invokeTestMethods(TestInvoker.java:147)
at org.testng.internal.TestMethodWorker.invokeTestMethods(TestMethodWorker.java:146)
at org.testng.internal.TestMethodWorker.run(TestMethodWorker.java:128)
at java.base/java.util.ArrayList.forEach(ArrayList.java:1511)
at org.testng.TestRunner.privateRun(TestRunner.java:764)
at org.testng.TestRunner.run(TestRunner.java:585)
at org.testng.SuiteRunner.runTest(SuiteRunner.java:384)
at org.testng.SuiteRunner.runSequentially(SuiteRunner.java:378)
at org.testng.SuiteRunner.privateRun(SuiteRunner.java:337)
at org.testng.SuiteRunner.run(SuiteRunner.java:286)
at org.testng.SuiteRunnerWorker.runSuite(SuiteRunnerWorker.java:53)
at org.testng.SuiteRunnerWorker.run(SuiteRunnerWorker.java:96)
at org.testng.TestNG.runSuitesSequentially(TestNG.java:1218)
at org.testng.TestNG.runSuitesLocally(TestNG.java:1140)
at org.testng.TestNG.runSuites(TestNG.java:1069)
at org.testng.TestNG.run(TestNG.java:1037)
at org.testng.remote.AbstractRemoteTestNG.run(AbstractRemoteTestNG.java:115)
at org.testng.remote.RemoteTestNG.initAndRun(RemoteTestNG.java:251)
at org.testng.remote.RemoteTestNG.main(RemoteTestNG.java:77)
]]>
            </full-stacktrace>
          </exception> <!-- org.openqa.selenium.UnsupportedCommandException -->
          <reporter-output>
          </reporter-output>
        </test-method> <!-- productDetailsPage -->
        <test-method is-config="true" signature="teardown()[pri:0, instance:tests.Automation@120f102b]" started-at="2021-07-14T19:13:56 IST" name="teardown" finished-at="2021-07-14T19:13:56 IST" duration-ms="94" status="FAIL">
          <exception class="org.openqa.selenium.UnsupportedCommandException">
            <message>
              <![CDATA[The requested resource could not be found, or a request was received using an HTTP method that is not supported by the mapped resource
Build info: version: '3.141.59', revision: 'e82be7d358', time: '2018-11-14T08:17:03'
System info: host: 'DESKTOP-QDPNMFL', ip: '192.168.99.1', os.name: 'Windows 10', os.arch: 'amd64', os.version: '10.0', java.version: '16.0.1'
Driver info: io.appium.java_client.AppiumDriver
Capabilities {appActivity: com.gobillion.android.comme..., appPackage: com.gobillion.android.comme..., databaseEnabled: false, desired: {appActivity: com.gobillion.android.comme..., appPackage: com.gobillion.android.comme..., deviceName: ASUS_X00TD, fullReset: false, newCommandTimeout: 70, noReset: true, platformName: android, platformVersion: 9, udid: J9AAGF00Z133AVP}, deviceApiLevel: 28, deviceManufacturer: asus, deviceModel: ASUS_X00TD, deviceName: J9AAGF00Z133AVP, deviceScreenDensity: 480, deviceScreenSize: 1080x2160, deviceUDID: J9AAGF00Z133AVP, fullReset: false, javascriptEnabled: true, locationContextEnabled: false, networkConnectionEnabled: true, newCommandTimeout: 70, noReset: true, pixelRatio: 3, platform: LINUX, platformName: Android, platformVersion: 9, statBarHeight: 81, takesScreenshot: true, udid: J9AAGF00Z133AVP, viewportRect: {height: 1947, left: 0, top: 81, width: 1080}, warnings: {}, webStorageEnabled: false}
Session ID: c73d28b5-3031-48f4-b425-7c2d61b8a3c7]]>
            </message>
            <full-stacktrace>
              <![CDATA[org.openqa.selenium.UnsupportedCommandException: The requested resource could not be found, or a request was received using an HTTP method that is not supported by the mapped resource
Build info: version: '3.141.59', revision: 'e82be7d358', time: '2018-11-14T08:17:03'
System info: host: 'DESKTOP-QDPNMFL', ip: '192.168.99.1', os.name: 'Windows 10', os.arch: 'amd64', os.version: '10.0', java.version: '16.0.1'
Driver info: io.appium.java_client.AppiumDriver
Capabilities {appActivity: com.gobillion.android.comme..., appPackage: com.gobillion.android.comme..., databaseEnabled: false, desired: {appActivity: com.gobillion.android.comme..., appPackage: com.gobillion.android.comme..., deviceName: ASUS_X00TD, fullReset: false, newCommandTimeout: 70, noReset: true, platformName: android, platformVersion: 9, udid: J9AAGF00Z133AVP}, deviceApiLevel: 28, deviceManufacturer: asus, deviceModel: ASUS_X00TD, deviceName: J9AAGF00Z133AVP, deviceScreenDensity: 480, deviceScreenSize: 1080x2160, deviceUDID: J9AAGF00Z133AVP, fullReset: false, javascriptEnabled: true, locationContextEnabled: false, networkConnectionEnabled: true, newCommandTimeout: 70, noReset: true, pixelRatio: 3, platform: LINUX, platformName: Android, platformVersion: 9, statBarHeight: 81, takesScreenshot: true, udid: J9AAGF00Z133AVP, viewportRect: {height: 1947, left: 0, top: 81, width: 1080}, warnings: {}, webStorageEnabled: false}
Session ID: c73d28b5-3031-48f4-b425-7c2d61b8a3c7
at java.base/jdk.internal.reflect.NativeConstructorAccessorImpl.newInstance0(Native Method)
at java.base/jdk.internal.reflect.NativeConstructorAccessorImpl.newInstance(NativeConstructorAccessorImpl.java:78)
at java.base/jdk.internal.reflect.DelegatingConstructorAccessorImpl.newInstance(DelegatingConstructorAccessorImpl.java:45)
at java.base/java.lang.reflect.Constructor.newInstanceWithCaller(Constructor.java:499)
at java.base/java.lang.reflect.Constructor.newInstance(Constructor.java:480)
at org.openqa.selenium.remote.http.W3CHttpResponseCodec.createException(W3CHttpResponseCodec.java:187)
at org.openqa.selenium.remote.http.W3CHttpResponseCodec.decode(W3CHttpResponseCodec.java:122)
at org.openqa.selenium.remote.http.W3CHttpResponseCodec.decode(W3CHttpResponseCodec.java:49)
at org.openqa.selenium.remote.HttpCommandExecutor.execute(HttpCommandExecutor.java:158)
at io.appium.java_client.remote.AppiumCommandExecutor.execute(AppiumCommandExecutor.java:239)
at org.openqa.selenium.remote.RemoteWebDriver.execute(RemoteWebDriver.java:552)
at io.appium.java_client.DefaultGenericMobileDriver.execute(DefaultGenericMobileDriver.java:45)
at io.appium.java_client.AppiumDriver.execute(AppiumDriver.java:1)
at org.openqa.selenium.remote.RemoteWebDriver.close(RemoteWebDriver.java:442)
at tests.BaseClass.teardown(BaseClass.java:61)
at java.base/jdk.internal.reflect.NativeMethodAccessorImpl.invoke0(Native Method)
at java.base/jdk.internal.reflect.NativeMethodAccessorImpl.invoke(NativeMethodAccessorImpl.java:78)
at java.base/jdk.internal.reflect.DelegatingMethodAccessorImpl.invoke(DelegatingMethodAccessorImpl.java:43)
at java.base/java.lang.reflect.Method.invoke(Method.java:567)
at org.testng.internal.MethodInvocationHelper.invokeMethod(MethodInvocationHelper.java:132)
at org.testng.internal.MethodInvocationHelper.invokeMethodConsideringTimeout(MethodInvocationHelper.java:61)
at org.testng.internal.ConfigInvoker.invokeConfigurationMethod(ConfigInvoker.java:366)
at org.testng.internal.ConfigInvoker.invokeConfigurations(ConfigInvoker.java:320)
at org.testng.SuiteRunner.privateRun(SuiteRunner.java:351)
at org.testng.SuiteRunner.run(SuiteRunner.java:286)
at org.testng.SuiteRunnerWorker.runSuite(SuiteRunnerWorker.java:53)
at org.testng.SuiteRunnerWorker.run(SuiteRunnerWorker.java:96)
at org.testng.TestNG.runSuitesSequentially(TestNG.java:1218)
at org.testng.TestNG.runSuitesLocally(TestNG.java:1140)
at org.testng.TestNG.runSuites(TestNG.java:1069)
at org.testng.TestNG.run(TestNG.java:1037)
at org.testng.remote.AbstractRemoteTestNG.run(AbstractRemoteTestNG.java:115)
at org.testng.remote.RemoteTestNG.initAndRun(RemoteTestNG.java:251)
at org.testng.remote.RemoteTestNG.main(RemoteTestNG.java:77)
]]>
            </full-stacktrace>
          </exception> <!-- org.openqa.selenium.UnsupportedCommandException -->
          <reporter-output>
          </reporter-output>
        </test-method> <!-- teardown -->
      </class> <!-- tests.Automation -->
    </test> <!-- Default test -->
  </suite> <!-- Default suite -->
</testng-results>
